2019-03-01
0
852.951
948.8325
464.0625
789.855
439.494
1117.1985
571.23
350.7735
343.497
982.674
472.1145
1426.59
452.694
921.558
664.917
910.5195
549.087
1245.915
355.08
1447.248
882.717
974.7045
694.914
878.229
1033.956
846.4665
1028.874
525.7725
423.3405
516.4335
1319.142
853.446
1052.271
1188.1815
852.7365
0
246.609
183.546
135.2175
214.3515
238.4085
177.705
230.6535
214.5825
179.8995
166.7655
235.6365
167.4255
135.168
148.1205
91.311
210.9525
648.6645
199.4025
849.9975
77.3025
206.118
178.1175
153.5985
265.3695
107.1675
312.9885
119.625
246.543
146.124
721.8915
55.8855
561.957
601.7055
955.2345
238.2105
0
348.6945
270.237
375.3255
103.488
247.665
391.6275
508.497
65.6535
327.7395
215.787
328.3995
136.257
217.9815
162.888
285.9615
492.822
466.983
694.155
209.9295
71.1975
253.1265
131.1255
130.449
195.5745
157.146
252.78
503.1345
307.098
566.049
216.744
323.202
445.863
471.834
191.169
356.796
0
290.499
55.473
348.5955
98.4885
153.4335
247.203
290.0865
43.1475
264.99
96.3105
211.233
215.688
201.498
115.9785
758.8515
295.251
960.1845
187.4895
316.305
153.549
263.7855
375.5565
234.267
423.1755
104.0325
279.1635
43.461
832.0785
188.0835
607.167
711.8925
774.3285
135.234
278.817
276.144
0
307.7085
270.6165
236.247
281.49
264.3135
212.1075
263.34
300.6465
271.1445
196.746
221.034
185.7075
284.823
613.3875
222.7995
814.7205
151.173
238.326
251.988
153.417
297.5775
82.665
345.1965
212.982
258.951
239.481
686.6145
121.902
419.595
555.654
416.4765
232.419
413.2095
59.6805
326.238
0
405.009
154.9185
98.076
225.192
346.5
78.8865
284.691
117.282
267.6465
214.17
257.9115
146.322
815.265
273.2565
1001.418
228.7395
357.5385
211.035
320.199
431.97
290.6805
464.409
137.346
257.1525
79.2
1202.3715
229.3335
935.517
843.7605
1111.902
239.547
98.571
346.2195
271.5735
376.662
0
249.0015
392.964
509.8335
66.99
329.076
204.5505
329.736
137.5935
272.25
164.2245
287.298
434.94
468.3195
636.273
211.266
64.977
254.463
132.462
90.816
196.911
99.264
254.1165
504.471
308.4345
508.167
218.0805
283.2555
387.981
561.8745
165.429
255.816
115.0545
244.233
145.5135
247.6155
0
194.7495
282.414
189.1065
97.9275
180.0315
131.5215
111.837
92.5155
151.4865
77.022
657.8715
330.462
859.2045
92.202
215.325
67.1715
187.671
274.5765
184.2555
322.1955
88.3905
314.3745
77.286
731.0985
162.3435
506.187
610.9125
343.233
280.83
395.67
145.695
318.6975
132.165
387.4695
189.189
0
155.859
328.9605
90.0735
370.392
70.653
259.2975
263.7525
240.372
240.933
1059.8115
203.9235
1261.1445
226.38
355.179
293.7495
302.6595
414.4305
273.141
462.0495
143.7315
187.8195
134.3925
1133.0385
226.974
866.184
750.7665
330.297
234.3165
624.789
247.83
267.795
264.6105
512.358
291.324
147.5595
0
453.849
192.2085
453.4035
172.788
361.4325
365.8875
285.912
333.366
921.855
69.729
1123.188
328.515
480.0675
395.8845
395.142
539.319
324.4065
704.814
245.8665
48.9555
236.5275
995.082
242.517
728.2275
864.1215
1146.453
182.754
67.4355
289.4265
214.7805
319.869
59.235
184.008
336.171
453.0405
0
272.283
147.3615
272.943
72.6
164.2245
107.4315
230.505
469.491
411.5265
670.824
146.2725
26.9445
197.67
75.669
86.196
140.118
133.815
189.123
447.678
251.6415
542.718
161.2875
317.8065
422.532
459.789
161.9805
328.053
58.839
255.7995
51.6945
319.8525
112.3815
99.033
186.6975
261.3435
0
274.461
16.368
182.49
187.0935
172.755
144.375
730.1085
234.7455
932.844
158.763
287.1
216.942
235.0425
346.8135
205.062
394.4325
66.924
218.658
47.5365
804.738
159.357
579.8265
682.6875
1380.4395
252.516
197.01
281.2425
370.0125
296.2575
183.117
203.7585
393.558
481.2225
133.617
303.765
0
330.33
139.227
94.5615
221.3145
160.38
594.7755
483.3345
796.1085
166.3365
138.1875
145.233
230.901
151.998
254.001
259.0995
227.8155
513.183
283.1235
668.0025
231.0495
443.091
582.8955
440.352
167.3925
342.1935
83.0115
261.195
99.792
333.993
126.522
79.596
167.2605
266.2935
16.368
288.6015
0
196.6305
201.234
177.705
154.077
735.0585
215.3085
936.3915
163.713
292.512
250.206
239.9925
360.954
219.6645
399.3825
81.0645
199.221
71.709
808.2855
164.307
877.569
688.0995
910.9815
137.1645
143.979
213.411
197.4225
240.0585
135.7785
111.408
282.2655
369.93
77.2695
192.4725
133.0395
219.0375
0
91.6245
61.842
154.4565
546.0345
394.1685
747.3675
73.6725
103.488
121.6215
75.834
162.7395
122.76
210.3585
116.523
401.8905
171.831
619.2615
115.698
394.35
499.0755
955.614
157.9545
235.389
226.3305
223.806
256.7895
227.1885
109.197
298.9965
386.661
168.6795
209.2035
87.516
235.7685
91.41
0
131.0595
83.5065
637.4445
388.773
838.7775
71.775
181.632
50.6715
167.244
195.4425
163.8285
301.7685
133.254
418.6215
188.562
893.838
136.488
485.76
691.35
882.387
84.7275
186.087
191.3835
128.271
221.8425
177.8865
140.382
238.1445
247.4835
119.3775
174.2565
207.9165
174.9165
74.646
136.125
0
198.957
588.1425
315.546
789.4755
65.307
145.596
166.122
93.0765
204.8475
49.335
252.4665
127.116
279.444
153.615
661.3695
81.642
436.458
541.1835
566.6925
222.717
331.551
113.784
288.5685
150.3315
291.951
100.155
248.292
375.408
233.442
146.388
139.524
206.1675
156.1725
67.848
195.822
0
872.619
423.4725
1073.952
136.5375
272.7285
64.713
232.0065
286.539
228.591
401.7915
155.5125
407.3685
137.3955
945.846
201.2505
550.5225
743.358
1211.991
607.5135
441.2925
713.4765
579.1995
744.6285
392.205
616.968
948.387
823.911
434.9565
697.0425
738.7215
697.7025
505.56
772.7775
532.191
838.563
0
782.397
369.633
579.2325
426.987
622.4295
500.4285
486.2385
587.0205
303.8805
622.083
919.1985
676.401
241.527
586.047
444.675
179.223
317.5095
252.747
611.0775
266.2605
251.163
283.041
495.726
309.7545
165.99
41.514
437.217
210.639
1088.8185
191.2185
398.9865
361.119
304.3425
351.7965
908.1435
0
1109.4765
290.334
463.4355
364.8975
378.51
522.687
307.7745
691.1025
264.297
36.1515
254.958
981.3705
260.9475
714.516
850.41
1488.9105
1026.135
859.8975
990.396
997.8045
1021.548
810.8265
893.8875
1225.3065
1242.516
711.876
973.962
1015.641
974.622
782.4795
1191.3825
809.1105
1115.4825
280.9785
1059.3165
0
856.152
845.592
899.349
919.05
763.158
863.94
580.8
899.0025
1196.118
953.3205
293.2875
1004.6685
721.5945
456.1425
901.362
91.3935
232.1055
183.2655
169.554
213.7245
223.905
85.074
255.9315
254.166
165.396
166.1385
158.3505
192.7035
82.632
70.8345
76.8075
133.6665
634.161
273.471
835.494
0
191.6145
100.8315
139.095
250.866
109.5765
298.485
90.189
286.1265
145.497
707.388
88.308
482.4765
587.202
1140.7605
207.0255
66.0495
317.5095
239.052
344.1405
52.1565
216.48
360.4425
477.312
25.047
296.5545
137.8905
297.2145
105.072
205.59
131.703
237.2535
463.7985
435.798
665.1315
178.7445
0
204.4185
99.9405
66.66
164.3895
128.1225
221.595
471.9495
275.913
537.0255
185.559
312.114
416.8395
609.5595
190.5915
268.026
145.6785
256.443
193.1985
259.8255
68.0295
291.159
419.298
201.3165
153.846
134.079
187.44
124.047
50.6715
163.6965
32.835
670.0815
421.41
871.4145
104.412
221.0175
0
199.881
234.828
196.4655
334.4055
165.891
451.2585
133.2045
743.3085
169.125
518.397
737.913
846.2025
152.328
151.239
267.366
132.6435
289.443
143.0385
181.005
305.745
370.887
84.5295
241.857
173.4975
247.0875
69.597
151.3215
81.576
219.3015
553.2945
329.373
754.6275
143.2695
110.748
186.4665
0
169.9995
76.989
217.6185
186.12
365.5245
221.2155
626.5215
117.249
401.61
506.3355
1191.828
258.0765
117.1005
364.749
290.103
395.1915
103.2075
267.531
411.4935
528.363
85.5195
347.6055
158.037
348.2655
156.123
225.72
182.754
257.4
514.866
486.849
716.199
229.7955
58.278
224.565
150.9915
0
215.4405
179.19
272.646
523.0005
326.964
588.093
236.61
363.1815
467.907
827.079
82.3515
214.731
208.989
98.142
239.4315
206.5305
167.97
255.7335
301.752
148.0215
191.8455
241.23
192.5055
132.66
153.714
50.2095
216.546
616.7865
260.238
818.1195
82.896
174.24
183.711
107.9595
233.4915
0
281.1105
144.7215
296.3895
171.204
690.0135
65.1585
442.266
569.8275
1024.0395
303.996
137.775
410.6685
336.0225
441.111
88.6875
313.4505
457.413
635.9595
131.439
393.525
268.0425
394.185
202.0425
335.742
228.6735
351.747
347.061
594.4455
548.394
275.715
123.453
318.912
196.911
182.7045
261.36
0
318.5655
731.247
372.8835
420.288
282.5295
195.3765
300.102
513.876
120.3015
261.36
100.65
223.3605
131.109
253.1595
88.1925
153.12
240.7845
194.6505
83.523
209.352
89.892
117.381
121.836
130.614
184.668
663.4155
288.8325
864.7485
97.746
220.869
151.833
192.9015
280.1205
163.383
327.7395
0
272.745
62.8815
736.6425
117.216
511.731
616.4565
316.668
236.2635
610.6155
274.6425
259.545
291.423
504.108
318.1365
174.372
49.896
445.599
219.021
1088.3565
199.6005
430.2375
392.7
341.9295
401.115
907.6815
61.479
1109.0145
298.716
471.8175
422.697
386.892
531.069
316.1565
690.6405
272.679
0
263.34
980.9085
269.3295
628.551
849.948
484.5885
161.9145
327.525
51.447
267.9765
68.2275
319.3245
79.629
137.016
224.6805
260.8155
20.6415
273.933
73.788
181.962
186.417
172.227
143.385
729.5805
272.7285
930.9135
158.235
287.034
134.6895
234.5145
346.2855
204.996
393.9045
74.7615
256.641
0
802.8075
158.829
577.896
682.6215
1314.9015
710.4405
544.2195
816.4035
682.11
847.5555
495.132
719.895
1181.466
926.8215
537.867
799.9695
841.632
800.6295
608.487
875.688
635.118
941.4735
106.9695
885.3075
265.8645
682.1595
529.8975
725.3565
603.3555
589.149
689.931
406.8075
725.01
1022.109
779.328
0
688.974
423.7365
282.15
860.6895
25.2945
228.0795
180.4605
121.8855
211.266
219.879
143.847
227.568
222.5355
161.37
163.68
217.107
164.34
116.6385
129.591
72.7815
192.423
630.135
207.3555
831.468
58.773
187.5885
159.588
135.069
246.84
74.349
294.459
116.5395
254.496
143.0385
703.362
0
478.4505
583.176
954.3105
494.9505
328.7295
600.9135
421.509
632.0655
279.642
504.405
679.7175
555.2415
322.3935
584.4795
459.0135
632.346
392.997
734.0685
419.628
542.7015
499.521
513.7275
677.8695
466.6695
314.424
509.8665
387.8655
373.6755
429.33
190.9545
509.52
762.135
563.838
423.5385
473.484
0
418.803
1258.488
608.8335
442.6125
821.4855
625.6965
835.461
393.525
618.288
762.2505
870.408
436.2765
698.3625
591.3435
699.0225
506.88
665.907
533.511
731.6925
267.5805
828.894
468.93
580.5525
428.307
716.595
501.7485
487.5585
566.1975
305.2005
623.403
965.6955
677.721
340.824
587.367
435.171
0
