2019-02-26
0
51.66814820061456
44.30604605805638
109.77257842592695
58.27754863009584
81.08450237288147
98.19681769539692
124.78333792004328
16.576301604144025
75.89758878426382
106.19074818901473
20.906185269320638
16.922191614467092
104.09037647323053
137.58766788360407
84.57870806848412
80.71974951234753
155.58716974454686
113.74660671917404
53.872276555884376
109.56280314724117
84.84711466786038
131.44398585761093
44.00962267571492
42.736807493401336
52.339489880693066
137.9166923030145
122.42829198106588
89.91644400863078
43.4703169677859
40.02624995456897
41.29642896920795
77.54668012256998
84.82293653281234
127.65317574259473
134.8854683252542
0
132.78069354930633
35.86645615680808
126.3641284808513
31.10999266438129
31.309855062410367
27.814253952107624
40.20816183753692
64.40768640586793
101.27146666080611
118.1000068194721
94.38821429315497
122.88070367289816
18.404647502294623
31.057584908736292
59.014432044914955
127.1043948449912
105.44314149511102
164.1638510166841
143.26912946542444
114.02848696693131
25.555295856572872
55.99838810864502
137.13654603550086
39.81027362615701
163.65060193899376
124.59764284250143
51.129894878615744
79.25371208426445
137.03863987229317
96.84633185303645
105.03753700532164
94.80212639729707
145.54926853484235
106.29205276497352
115.18716790294583
0
79.55866831508295
26.247097353795223
30.89997355880096
93.0090753325567
48.31818507848268
63.73163888805397
58.53057145029611
117.34407437415213
46.673251182127444
60.02746531624791
47.177525294184235
119.96279611337526
20.703007873894666
40.754261535033706
81.78955918827994
100.55417243364379
150.6814419877742
86.97905939613455
78.04974487278604
45.50690111757392
44.46121424530095
127.96609900194285
121.25759117193617
76.613229720208
73.07254194026535
79.0105164290326
156.362915966297
148.0214759272686
142.65781525366208
31.965086209384147
154.20775244163002
71.1341538617616
76.38844046431784
27.177339535124872
106.59832933690963
0
109.99377587788477
47.68954216389713
103.23941243739866
85.9380107251791
91.13562860334775
156.83576408019152
125.74675396813136
35.13178211574326
18.56926369867975
96.61310956664259
87.32949670130039
39.672164979679216
70.43722718936253
47.05020800939265
59.36127820468463
119.88711086708375
90.38149984601421
32.2781376992583
133.0148379485544
119.98011897725412
19.042914984477612
52.509860154997135
160.40852006282898
133.45239625651894
122.40207354553615
135.36491345349583
155.0044204643681
147.21207923518517
60.29853267054454
85.53431364818934
104.42038745755356
29.914381103741377
31.22694075616055
44.41705341166857
40.032849592851946
0
31.0029762280824
156.9877840164163
38.63009887436185
126.2847653076483
150.1358637314773
136.4502576922901
97.5583925657247
69.65487175115909
135.21141809221356
82.92274083124401
131.59921922299347
136.16914618418312
42.89133981821418
68.64609411595363
41.521380694601895
126.58369341815354
46.629280341590366
87.90585452406049
58.92516830962498
31.269065646799014
163.48227996740184
133.2658641854262
38.461791300886205
91.8715312537007
89.31879075250897
43.615941459110374
80.12481492616726
59.35505577065018
50.24989314736532
65.6203419497225
51.40671926989378
87.83173678114483
151.31027868049597
18.572232841468026
20.36678074754547
0
82.43769746012656
132.73921601226473
157.95724304201582
162.3442179249638
164.93204807574517
85.82885368577841
32.20298474037123
100.63578596315234
76.93653760012003
154.46214649359956
56.34115722625915
108.3532077982046
61.556117216045
45.48810179825956
134.58664397762976
139.34191235092584
99.06974864352387
74.17707183254561
44.628558227648554
30.061782505067818
132.90425262193384
31.567874995287685
73.2375618802596
74.2954256036595
126.89617506597217
42.40472913356819
142.77868570591914
134.77724091983245
117.94244434790527
21.53712338418208
112.90510227060933
36.579092634004546
163.64616358129945
64.55274072459643
31.325108952680928
0
59.841669626523085
148.9961687370648
41.734209864411106
70.15275846177528
130.92059290092976
78.13963398453737
60.570499985020795
36.43957367641019
94.7216802647162
101.38837293880513
127.66845594178137
22.305689588912998
29.92608618905798
63.70596236299968
33.53839270349944
139.43085862075256
43.42782461010593
62.01372699946197
24.374580792237026
114.1468046862377
44.642794852224085
159.4995949773383
52.26711021864297
99.70285260134129
33.294487537288994
118.95392094379879
52.925298249689966
133.68036520423175
101.24498149654686
60.616760688109295
161.32338040079588
104.8290767559348
119.26565122193713
42.23003637013174
97.30710259063143
0
79.33810193341647
54.15076432648649
133.60782988037275
147.26065372713012
149.31271680557236
161.57215498505997
49.509978425507974
52.36499064925217
96.78066345914455
111.01519169746098
19.53632847376566
147.54799768685984
147.1087105066656
48.32335081512756
73.08249377939354
160.1043020261992
28.025862689326914
136.72231263693536
163.76114187836492
129.07017210300327
68.85647289194094
116.55089710430228
163.31134502680143
52.17265321032657
68.2118477255534
67.72170345052864
112.71608893995888
120.24655348839603
65.06009543650978
22.281712218178885
121.72744369763855
112.39004713031429
138.33837200788602
147.37613194702897
118.51276046525713
0
152.84870350415954
44.17634674828823
161.18616566956226
127.65995985925508
18.86912305226911
37.01098949958832
138.38320378793566
54.86953179003992
82.25640182164526
130.87907462574114
108.26243983940668
55.593346610379186
28.29210263965663
151.82498891053314
48.945025222049985
59.291022599372795
133.0562794414242
116.33599701722753
107.95673574213157
125.06622029576442
111.71066495676843
131.01023780231725
26.830284371041618
27.95349990547653
62.18147226932619
153.38789378995028
152.19288422284745
118.72449037472057
57.14946409556769
124.20349146689584
57.82951968253481
149.6246183375721
106.13707987833143
34.805194035778925
48.27484844525864
0
136.7731546785557
104.05289088731818
28.72886017039113
86.61733646319169
108.48966581669218
80.99337280229389
103.90950087643569
70.92283447653006
164.34254933997565
125.56145245676026
138.440825437099
56.325180880991894
142.9117781409522
23.74354951531509
135.58780669712957
78.79595458364786
161.8730578183514
70.4818151954406
142.1913846097576
70.99674141841871
59.683629529998434
81.11953022777587
36.654129401860885
60.083443220188286
75.59657135607917
88.62380041256068
65.2937258729646
31.143421563610264
87.97470405851881
154.1214976412521
67.07107157101859
108.67200112901631
62.51750428393162
41.32447748777495
154.53440335982512
0
91.0142451840476
43.321523490176226
91.96991528146978
120.73464629930548
41.84913103532061
36.272021714897946
57.39642526810603
129.11352958685814
44.27870035302468
127.8476756889421
159.61687032369684
21.35878978012383
113.09335525212772
25.718951860290115
133.98538612252696
18.773438953686036
156.98213701796539
109.04050118458402
91.47882439520892
99.45119128865801
129.69385884679664
80.37810477739401
57.13844825923175
63.3986131074554
162.6325431015045
33.56318262406756
45.91646827815665
60.464977493264364
56.3862737799869
121.34065708862705
97.57317909462483
95.75466768638309
39.73960705209163
96.1002811401233
134.83207273274147
0
22.936877510204255
129.29027669452515
77.74658143493001
117.96675429900948
140.9941919316931
36.77977022573587
63.091485337046976
69.45870923659221
112.35638229787303
30.71980106366378
89.51710432479271
52.87604688488001
19.72369434726895
91.14391073005834
43.82571027211258
72.70805279701844
137.36042344691077
154.53844503983933
105.47352087978972
88.66287377918262
77.28718008883843
98.5140259853196
154.0747734245293
153.03375294747818
148.16308663154828
61.57018575071318
75.56420614284957
161.04555055403256
30.89898317326521
49.215858215395
118.05059185992376
74.73097679914369
107.6341199672029
71.29142717981513
125.5585703940653
0
138.68182452318655
131.47061363777448
155.54931286036154
52.667461842300746
64.15397843310095
30.719860659099343
64.77857017409958
150.1256169572978
131.82977445696193
93.14481417292303
141.99298127483596
66.7588952840344
51.88111789238176
140.4744722596472
114.05782832994035
91.23834264675673
74.54680224029703
143.91411581893317
118.022164982631
69.10104898408039
111.53882885389798
53.415726506670936
140.3187986661043
102.3537426357867
28.201565124991593
98.23729304405465
87.58092964170837
43.28786877828606
114.24286534334351
131.12341482684408
46.56517339867921
129.05616669013588
92.82380876339154
18.3534341932566
161.58787134025084
0
88.79266713516236
157.86600983122466
42.10618963430381
149.96149898793158
159.5218342448837
43.20535588235249
102.82741246877464
84.06228808448466
146.84548612151872
147.01784355186481
134.33143846230772
126.58832404551144
87.16384936534716
57.86529413625358
49.91902326811811
80.02491027115745
136.29784230453077
160.83162714487486
65.77825589945996
106.30379246094512
88.51742612548439
114.13954839270015
38.72829403090544
130.18989697738394
28.672465844253146
35.26510735134619
36.742563753373545
139.03174780400107
19.495691621276272
153.01891882802514
16.834289739561864
115.79794772315181
60.01669901350403
56.83830108178985
141.71556747176476
0
138.071897175796
134.27500695662118
132.07020949459718
38.10290920423839
100.62495197062181
30.444539054281467
153.52952320465258
74.54972510570997
124.46421445613397
121.38734705859062
86.56399891117687
127.69618888894365
141.187565902199
143.02740194872536
58.858492889435
150.3822107446945
50.42081450223951
19.041684015424675
118.67393686937554
160.9684343948304
86.11295004465133
79.5067372032616
96.9189022703206
127.35363838693266
134.37920824426888
111.88318528855255
121.83243254608396
102.699917751225
19.451425489110722
123.83968434213166
141.670956681403
160.9604666902282
42.48017984470568
116.17697887358192
129.48244802798555
0
30.46779200290225
147.97887347172153
108.32376459074298
96.37983064213392
22.80618703781768
19.411193731286055
99.52930563132107
120.92847055571751
81.09120908106121
80.57882013496673
100.68910515509751
132.59735916019523
63.20704188969016
88.65347848280734
44.179738155136405
124.20411450373724
24.806805678065714
81.76290215587966
132.07572593631218
56.38199918727182
132.0077961443265
105.19560440990676
96.56803261889092
56.36202968200623
112.73470130680795
151.2523424568326
120.81530647028481
148.49633897485617
109.89721699347501
18.869667202275956
112.22862116111637
29.324952952430703
131.4692847629538
105.15542330914985
144.9294010210365
0
121.64555127216512
32.39024140263486
85.94309528020295
58.791438720943376
32.13113580882866
56.34660891903264
95.34067715997723
141.8235228581637
144.35363039549142
121.87587796250762
27.081921611970596
97.38714185463904
117.48833511613512
130.79406447314392
95.93204234759416
128.65851320638433
36.821994962566635
148.47794121406992
20.400374865538883
53.579440372778826
53.24879126373934
104.50462735204817
119.53496327280561
96.57270072480549
127.98831388722037
128.34444974390865
69.33143891327164
50.92676122774502
90.51155373948238
20.24130302954191
104.02338833051867
101.45489001429797
77.6467592192349
89.50369832554564
48.35502646284748
0
50.422907520510776
56.852486472961075
71.48901041475733
68.88496881548423
114.34128818791382
16.63486073867391
103.10664850402729
76.3069780083214
60.986026960597265
87.60849603965185
150.95977288375977
47.55338251653512
127.769887132821
161.50262560448272
34.37827443007043
25.78693577098882
139.60286188155493
139.22843765675918
67.63078013236454
48.645965278263105
76.20752052286684
41.54893074764891
139.44732227835797
25.10204956015386
77.61374393824067
132.44198155693616
24.443951737419535
53.738197901233264
161.12145829949492
19.69776682385235
30.30606809173885
62.815003109817525
88.85502841418486
100.00834101345369
154.81516936695573
0
117.89083151500994
45.15648598502394
111.18081044969759
151.71978412452265
124.65188316088532
159.95111855614033
130.40769656639245
155.61899142582132
127.75106676657207
63.451774674473775
106.60021252280251
71.98650804162992
151.68365250738734
106.72700208992651
27.319201109639717
148.98945530301123
116.26662227584399
150.19085936875027
63.92069323965693
75.96419909555922
112.28827160388806
66.93011758101552
51.59462993419754
21.809565144258528
109.4367391032816
27.25858098366417
147.15695967639778
142.35378894630517
53.30491169326881
27.643025704996035
109.95575620932715
110.35250991763677
142.19716125354265
151.59632089310443
148.98978351181964
0
49.46781502993166
37.03506178425709
146.01654516606393
133.07976705155795
53.414862332773005
84.39265446540448
163.58671708275273
52.8439105135308
90.91570423593284
110.28882483467808
111.5539460204535
65.82901482275857
151.19218702388648
61.657698189959056
29.457069068202937
18.701864369989163
26.710294987519976
112.9044798648659
140.46865539255305
114.7168873166264
62.61077601938596
160.1135096937083
62.46794490330822
78.47288756527179
76.90041115438304
158.78918984648513
134.06333789868935
18.754419667626397
150.85927120426138
22.87386386318563
68.15706790481299
87.95777950185622
60.67781206096768
92.67032951426266
160.5199746466145
0
45.60747685712721
129.5330744404309
28.69202355853026
146.20680490660285
114.13108170792908
159.34544627843837
52.93699360505805
158.01430185052354
113.06253272986083
86.4602002284206
122.95199504468819
111.93252700786454
74.10389825002565
139.8762918772623
141.23219204382815
34.967982512031924
140.4897047142839
17.64065916140208
71.48472916290083
112.01579794567516
133.9821123458047
68.00928623631937
138.58079523072092
105.48034649712332
77.91677671448247
151.87463545855246
50.494261633948916
68.58862145560346
61.61461628337331
116.22169274343442
75.05649447156658
69.04055421347113
70.13424229503117
72.11449131162838
112.42433422212783
0
109.89094737788537
73.81411958442148
117.24026092172768
107.78715674714893
47.669800057046245
54.12213815001047
156.5241126252293
80.58914448738004
98.61102815411456
148.87698656990813
79.48256679469685
159.6041582887403
142.8385975782291
159.52620107856686
136.47925052178897
157.24240294539163
158.05892500617722
43.466240743498226
139.9392937782495
143.51358645182557
57.11397130930228
151.59955045408907
90.54691910055688
161.42044559019627
23.18111875367662
157.85806299587523
96.06496334995772
144.97848712626802
102.4148090206293
101.68176423645878
97.20085875717942
20.590496469789144
151.71310165571876
146.60500819561568
135.90551480812903
0
138.71216414137214
72.33908213238561
146.44654031853364
111.9655629503556
74.17523289164326
80.34838026264217
112.21018259511096
136.18214404597867
51.380372688293406
65.73335899302344
100.98917663245949
99.53834343226268
98.26644065450263
92.21501494023386
89.38291114053176
55.47986340351006
71.66576777124601
78.23916750549846
150.3917022352345
57.17779468762748
143.53408931460373
163.38611566675527
41.885485765126354
95.71754029250148
137.31823005431448
54.69532227707782
66.2615134845429
17.224647717256232
50.6177393611113
63.046935113236785
113.18131901385098
133.90317843455014
80.51419612702097
52.36481122157573
163.50230223902616
0
148.2790377480709
117.99786245547456
151.05140930948187
38.53081517965491
146.0502663689758
120.65083336326245
88.05761089111333
146.46154578466405
84.05253160490071
99.60589740099275
102.02252658250133
50.59167792145362
157.56570496456587
159.4496938698671
122.3303979064539
77.01851757149875
68.09905533130737
105.2385814639446
140.179094553242
155.60107398262082
123.46649537808872
83.3478578737783
86.66506975929059
70.306224353648
23.60844970469499
128.79721193823767
49.31832952729884
66.98658433695192
118.08896448735824
20.85552112305572
136.3888410245852
120.70238506951756
142.9467473008153
19.53668157594947
153.44089565786732
0
30.96129153261449
138.1008870966294
80.10321337224163
63.15868479293242
72.94341303481437
18.64288845933478
53.49157519179921
136.5681515457667
88.32464606173254
140.26679994958803
84.13342936189967
92.5723968920215
108.86724273770415
37.37543022151579
156.6862419927456
53.00010524266486
96.24162147160392
116.24264463824805
125.47744332469274
79.38585627919633
158.02713093315796
84.09565439673145
123.40300607332593
126.77474231963681
117.85445394689481
53.41455107742211
20.824659169740094
69.38422234275376
17.856523219329038
69.5797122541345
125.0270124493811
40.78323571239074
164.5110832614019
43.96404460246527
107.998044801052
0
31.712908102150013
70.73295096785274
88.7561262298826
146.71140253138384
100.66055176180511
63.58082027197782
77.89697579236372
83.13960037491898
19.207757691970738
92.43386795848484
164.19904548054035
124.50687050662334
92.83249996557046
97.52199112690909
60.05272653976354
37.55414716486901
110.25521284505766
16.70961428769545
148.33711521334382
105.03253079068466
139.73100289941874
26.291322531989383
66.32442629642946
108.42590713052823
64.70965007190048
97.0887974355995
117.08991963761402
75.98689539493981
132.407522499584
107.20412548139029
119.9791574869689
142.88349294072103
27.924963058848828
154.7795583891108
35.34023702808227
0
96.00956707707293
55.73530495215728
63.91989150626862
58.66654051219435
162.1117723241108
92.99134099721935
33.22271377993644
121.68478651770648
29.0017524969277
118.60387629822377
19.786473126314657
28.119491638071857
50.44341611145509
56.898664271872725
114.78176304395343
160.35856802373706
70.61340936888332
47.117029714128314
130.31504356597807
59.25455866074128
83.65228334356163
74.27487416081267
17.617974703985958
17.166661271489705
83.17356731327706
111.85396957898003
53.15421075773378
143.98416609873678
67.9973861137347
95.92281021162485
25.982405903725926
72.35150986390927
84.83417533179534
50.10343867271148
151.27157616258432
0
128.38495804143412
136.97973179883934
147.0024435653024
114.21964400015271
19.872953750337235
43.89410504486083
19.94666945142202
51.81937652574349
134.2837575542349
81.85406605217374
132.92707047024373
31.674901005162678
40.83297846647947
34.49782226221478
164.75246227608162
31.83836947017608
63.216635676777216
37.77513521459431
118.6388790821864
21.37315724048069
66.22053227012861
68.26413823323071
152.33316116731558
73.59603116031569
156.91883106999802
114.469305636901
20.447742755704265
39.58827004863677
78.9083700824903
143.27679288889334
133.54616345784103
106.9534635662599
58.00136214610403
26.508686678170495
108.26790649207958
0
133.55189998643712
35.83591031484785
85.8705380573082
145.9930306954796
148.56322526159698
20.80927451296356
40.03060784711681
55.577497898755006
44.55977952612736
111.74248912690867
109.81691634543255
66.54228466359123
80.09588720204052
67.99968881592075
136.04146725435317
72.52809416462286
82.9245220472384
31.17963735395045
20.43891488008182
132.84567389085854
161.30755613573638
82.23281720866623
20.722728498045793
38.59025863710602
39.65632019179284
39.59905348917505
105.5328571495078
139.94741701690288
116.29603493568904
47.42888137078991
161.18944244245102
145.09017712389664
17.634742428825266
143.5503283172433
56.06222129728298
0
40.17903596225474
149.11823111808891
78.20783601479782
87.87895660001962
142.87677869171688
107.44685780079107
30.8291674138293
51.87143303117629
81.54417081246936
47.0112044389095
86.32157294223946
29.799331349454842
19.23299963948138
157.6980054867961
91.23472584626384
97.48991149323034
46.54340469148041
157.74910663170348
159.75347164785487
56.82917946967843
54.49685383013816
135.42377551436223
27.689754144817538
80.45394830269834
75.33969075189572
156.54578388782537
141.43545071308466
110.52273312176213
71.10470641906795
128.9103430623705
67.07295027630103
129.85781744075686
127.88742249484466
147.00943536839205
80.07472296030176
0
44.66739686171588
127.56983615753501
129.75391974794695
91.88698985233995
44.60767454469061
69.44584276277921
107.88745073254707
132.69258984158984
129.9930859125403
34.79102996578511
95.95362707630723
48.95761551010012
109.75390921463985
84.53275296412666
145.24001044103386
76.84879986395416
85.35024575507953
109.03489233504213
65.83024592054265
132.88584337376486
103.88703488207844
55.410836007045745
154.81077629247824
149.10292209405407
43.41282398891697
39.14199465462288
105.68832386933002
62.143089952562235
79.74093959425163
137.73631534706078
68.38310355344673
30.695694751791436
45.5553167487274
152.24951510311973
87.80272551883756
0
81.05766909973659
87.82806761885723
21.583111330796765
133.01172595550693
62.4592014091607
24.335351925825353
73.24081962458182
59.83128567723813
80.34864123114633
64.77458150259797
77.81558744267157
131.26223074343483
37.01892173086663
66.1607273741116
111.77400892708214
96.81513838954285
90.50219571269719
26.7775165550013
78.03118910952428
81.78970641797359
94.99919796886945
122.10507897444228
31.892299848541565
108.0192796475396
22.825985044882756
159.51741882004146
131.43241190330812
126.65693891049555
74.83909615179915
19.575975244551433
79.2839078336374
36.94266359685773
29.795236490612158
94.65243239185266
52.74242872140606
0
161.00931745871404
24.193670906426203
154.947811554554
122.22152695608074
38.865739924830464
107.44894629459225
107.09885972398693
28.999485254503412
135.29220511328754
31.88347559113275
90.48815919904811
156.6967123600551
133.0895879241512
107.6181737011621
107.8994925231784
27.230982230813247
151.7104890048379
144.30025333652404
126.7654684402806
46.76770829013434
20.87801947258308
156.04150938283973
44.39913488017751
57.38534615541507
32.798146912889266
95.20944994121484
40.6452559631792
115.19767204453633
109.50876372829887
27.765296352623643
72.86970736390644
100.5958848833258
83.3811513266676
141.91604949851376
114.94936525988126
0
117.12111868148465
155.02769463498743
135.45667383392018
43.6643500934054
149.7033056979381
161.8710093031381
29.989335390052233
154.1575403308005
68.1711635987911
122.06971850204926
112.94918489805166
128.73979086250228
35.90169087880237
149.6067491913381
123.5904431311121
29.199795369973817
108.97515512851011
55.40659868665037
148.74788975974735
160.1565499973248
79.55728542167155
151.51802313815486
75.57489256576731
39.25526782535586
117.51724538181246
96.65813352504497
74.46724405832951
27.617196400380024
89.56516659600513
25.029892322909998
161.65295230353678
162.4229714201489
128.8723089136052
18.531899538245185
69.01276821322479
0
